f:\project\vs2017_projects\cwindowdemo\cwindow\x64\debug\window.obj
f:\project\vs2017_projects\cwindowdemo\cwindow\x64\debug\cbasewindow.obj
f:\project\vs2017_projects\cwindowdemo\cwindow\x64\debug\moc_cbasewindow.obj
f:\project\vs2017_projects\cwindowdemo\cwindow\x64\debug\cmenubar.obj
f:\project\vs2017_projects\cwindowdemo\cwindow\x64\debug\moc_ctitlebar.obj
f:\project\vs2017_projects\cwindowdemo\cwindow\x64\debug\ctitlebar.obj
f:\project\vs2017_projects\cwindowdemo\cwindow\x64\debug\qrc_resource.obj
f:\project\vs2017_projects\cwindowdemo\cwindow\x64\debug\vc141.pdb
f:\project\vs2017_projects\cwindowdemo\cwindow\x64\debug\moc_window.obj
f:\project\vs2017_projects\cwindowdemo\cwindow\generatedfiles\debug\moc_cbasewindow.cpp
f:\project\vs2017_projects\cwindowdemo\cwindow\generatedfiles\debug\moc_ctitlebar.cpp
f:\project\vs2017_projects\cwindowdemo\cwindow\generatedfiles\qrc_resource.cpp
f:\project\vs2017_projects\cwindowdemo\cwindow\generatedfiles\ui_window.h
f:\project\vs2017_projects\cwindowdemo\x64\debug\cwindow.lib
f:\project\vs2017_projects\cwindowdemo\x64\debug\cwindow.exp
f:\project\vs2017_projects\cwindowdemo\cwindow\generatedfiles\debug\moc_window.cpp
f:\project\vs2017_projects\cwindowdemo\x64\debug\cwindow.dll
f:\project\vs2017_projects\cwindowdemo\x64\debug\cwindow.ilk
f:\project\vs2017_projects\cwindowdemo\x64\debug\cwindow.pdb
f:\project\vs2017_projects\cwindowdemo\cwindow\x64\debug\cwindow.tlog\cl.command.1.tlog
f:\project\vs2017_projects\cwindowdemo\cwindow\x64\debug\cwindow.tlog\cl.read.1.tlog
f:\project\vs2017_projects\cwindowdemo\cwindow\x64\debug\cwindow.tlog\cl.write.1.tlog
f:\project\vs2017_projects\cwindowdemo\cwindow\x64\debug\cwindow.tlog\cwindow.write.1u.tlog
f:\project\vs2017_projects\cwindowdemo\cwindow\x64\debug\cwindow.tlog\link.25320.delete.1.tlog
f:\project\vs2017_projects\cwindowdemo\cwindow\x64\debug\cwindow.tlog\link.25732.delete.1.tlog
f:\project\vs2017_projects\cwindowdemo\cwindow\x64\debug\cwindow.tlog\link.command.1.tlog
f:\project\vs2017_projects\cwindowdemo\cwindow\x64\debug\cwindow.tlog\link.read.1.tlog
f:\project\vs2017_projects\cwindowdemo\cwindow\x64\debug\cwindow.tlog\link.write.1.tlog
